<?xml version="1.0" encoding="UTF-8"?>
<testsuite name="com.example.VertecXmlRestApiApplicationTests" tests="1" skipped="0" failures="1" errors="0" timestamp="2016-04-22T14:12:49" hostname="gergelys-mbp.ads.zuehlke.com" time="0.002">
  <properties/>
  <testcase name="contextLoads" classname="com.example.VertecXmlRestApiApplicationTests" time="0.002">
    <failure message="java.lang.IllegalStateException: Failed to load ApplicationContext" type="java.lang.IllegalStateException">java.lang.IllegalStateException: Failed to load ApplicationContext
	at org.springframework.test.context.cache.DefaultCacheAwareContextLoaderDelegate.loadContext(DefaultCacheAwareContextLoaderDelegate.java:124)
	at org.springframework.test.context.support.DefaultTestContext.getApplicationContext(DefaultTestContext.java:83)
	at org.springframework.test.context.support.DependencyInjectionTestExecutionListener.injectDependencies(DependencyInjectionTestExecutionListener.java:117)
	at org.springframework.test.context.support.DependencyInjectionTestExecutionListener.prepareTestInstance(DependencyInjectionTestExecutionListener.java:83)
	at org.springframework.test.context.TestContextManager.prepareTestInstance(TestContextManager.java:228)
	at org.springframework.test.context.junit4.SpringJUnit4ClassRunner.createTest(SpringJUnit4ClassRunner.java:230)
	at org.springframework.test.context.junit4.SpringJUnit4ClassRunner$1.runReflectiveCall(SpringJUnit4ClassRunner.java:289)
	at org.junit.internal.runners.model.ReflectiveCallable.run(ReflectiveCallable.java:12)
	at org.springframework.test.context.junit4.SpringJUnit4ClassRunner.methodBlock(SpringJUnit4ClassRunner.java:291)
	at org.springframework.test.context.junit4.SpringJUnit4ClassRunner.runChild(SpringJUnit4ClassRunner.java:249)
	at org.springframework.test.context.junit4.SpringJUnit4ClassRunner.runChild(SpringJUnit4ClassRunner.java:89)
	at org.junit.runners.ParentRunner$3.run(ParentRunner.java:290)
	at org.junit.runners.ParentRunner$1.schedule(ParentRunner.java:71)
	at org.junit.runners.ParentRunner.runChildren(ParentRunner.java:288)
	at org.junit.runners.ParentRunner.access$000(ParentRunner.java:58)
	at org.junit.runners.ParentRunner$2.evaluate(ParentRunner.java:268)
	at org.springframework.test.context.junit4.statements.RunBeforeTestClassCallbacks.evaluate(RunBeforeTestClassCallbacks.java:61)
	at org.springframework.test.context.junit4.statements.RunAfterTestClassCallbacks.evaluate(RunAfterTestClassCallbacks.java:70)
	at org.junit.runners.ParentRunner.run(ParentRunner.java:363)
	at org.springframework.test.context.junit4.SpringJUnit4ClassRunner.run(SpringJUnit4ClassRunner.java:193)
	at org.gradle.api.internal.tasks.testing.junit.JUnitTestClassExecuter.runTestClass(JUnitTestClassExecuter.java:112)
	at org.gradle.api.internal.tasks.testing.junit.JUnitTestClassExecuter.execute(JUnitTestClassExecuter.java:56)
	at org.gradle.api.internal.tasks.testing.junit.JUnitTestClassProcessor.processTestClass(JUnitTestClassProcessor.java:66)
	at org.gradle.api.internal.tasks.testing.SuiteTestClassProcessor.processTestClass(SuiteTestClassProcessor.java:51)
	at sun.reflect.NativeMethodAccessorImpl.invoke0(Native Method)
	at sun.reflect.NativeMethodAccessorImpl.invoke(NativeMethodAccessorImpl.java:62)
	at sun.reflect.DelegatingMethodAccessorImpl.invoke(DelegatingMethodAccessorImpl.java:43)
	at java.lang.reflect.Method.invoke(Method.java:498)
	at org.gradle.messaging.dispatch.ReflectionDispatch.dispatch(ReflectionDispatch.java:35)
	at org.gradle.messaging.dispatch.ReflectionDispatch.dispatch(ReflectionDispatch.java:24)
	at org.gradle.messaging.dispatch.ContextClassLoaderDispatch.dispatch(ContextClassLoaderDispatch.java:32)
	at org.gradle.messaging.dispatch.ProxyDispatchAdapter$DispatchingInvocationHandler.invoke(ProxyDispatchAdapter.java:93)
	at com.sun.proxy.$Proxy2.processTestClass(Unknown Source)
	at org.gradle.api.internal.tasks.testing.worker.TestWorker.processTestClass(TestWorker.java:109)
	at sun.reflect.NativeMethodAccessorImpl.invoke0(Native Method)
	at sun.reflect.NativeMethodAccessorImpl.invoke(NativeMethodAccessorImpl.java:62)
	at sun.reflect.DelegatingMethodAccessorImpl.invoke(DelegatingMethodAccessorImpl.java:43)
	at java.lang.reflect.Method.invoke(Method.java:498)
	at org.gradle.messaging.dispatch.ReflectionDispatch.dispatch(ReflectionDispatch.java:35)
	at org.gradle.messaging.dispatch.ReflectionDispatch.dispatch(ReflectionDispatch.java:24)
	at org.gradle.messaging.remote.internal.hub.MessageHub$Handler.run(MessageHub.java:360)
	at org.gradle.internal.concurrent.ExecutorPolicy$CatchAndRecordFailures.onExecute(ExecutorPolicy.java:54)
	at org.gradle.internal.concurrent.StoppableExecutorImpl$1.run(StoppableExecutorImpl.java:40)
	at java.util.concurrent.ThreadPoolExecutor.runWorker(ThreadPoolExecutor.java:1142)
	at java.util.concurrent.ThreadPoolExecutor$Worker.run(ThreadPoolExecutor.java:617)
	at java.lang.Thread.run(Thread.java:745)
Caused by: org.springframework.beans.factory.BeanCreationException: Error creating bean with name 'messageConverters' defined in class path resource [org/springframework/boot/autoconfigure/web/HttpMessageConvertersAutoConfiguration.class]: Bean instantiation via factory method failed; nested exception is org.springframework.beans.BeanInstantiationException: Failed to instantiate [org.springframework.boot.autoconfigure.web.HttpMessageConverters]: Factory method 'messageConverters' threw exception; nested exception is java.lang.NoClassDefFoundError: com/fasterxml/jackson/core/JsonProcessingException
	at org.springframework.beans.factory.support.ConstructorResolver.instantiateUsingFactoryMethod(ConstructorResolver.java:599)
	at org.springframework.beans.factory.support.AbstractAutowireCapableBeanFactory.instantiateUsingFactoryMethod(AbstractAutowireCapableBeanFactory.java:1123)
	at org.springframework.beans.factory.support.AbstractAutowireCapableBeanFactory.createBeanInstance(AbstractAutowireCapableBeanFactory.java:1018)
	at org.springframework.beans.factory.support.AbstractAutowireCapableBeanFactory.doCreateBean(AbstractAutowireCapableBeanFactory.java:510)
	at org.springframework.beans.factory.support.AbstractAutowireCapableBeanFactory.createBean(AbstractAutowireCapableBeanFactory.java:482)
	at org.springframework.beans.factory.support.AbstractBeanFactory$1.getObject(AbstractBeanFactory.java:306)
	at org.springframework.beans.factory.support.DefaultSingletonBeanRegistry.getSingleton(DefaultSingletonBeanRegistry.java:230)
	at org.springframework.beans.factory.support.AbstractBeanFactory.doGetBean(AbstractBeanFactory.java:302)
	at org.springframework.beans.factory.support.AbstractBeanFactory.getBean(AbstractBeanFactory.java:197)
	at org.springframework.beans.factory.support.DefaultListableBeanFactory.preInstantiateSingletons(DefaultListableBeanFactory.java:772)
	at org.springframework.context.support.AbstractApplicationContext.finishBeanFactoryInitialization(AbstractApplicationContext.java:839)
	at org.springframework.context.support.AbstractApplicationContext.refresh(AbstractApplicationContext.java:538)
	at org.springframework.boot.SpringApplication.refresh(SpringApplication.java:766)
	at org.springframework.boot.SpringApplication.createAndRefreshContext(SpringApplication.java:361)
	at org.springframework.boot.SpringApplication.run(SpringApplication.java:307)
	at org.springframework.boot.test.SpringApplicationContextLoader.loadContext(SpringApplicationContextLoader.java:98)
	at org.springframework.test.context.cache.DefaultCacheAwareContextLoaderDelegate.loadContextInternal(DefaultCacheAwareContextLoaderDelegate.java:98)
	at org.springframework.test.context.cache.DefaultCacheAwareContextLoaderDelegate.loadContext(DefaultCacheAwareContextLoaderDelegate.java:116)
	... 45 more
Caused by: org.springframework.beans.BeanInstantiationException: Failed to instantiate [org.springframework.boot.autoconfigure.web.HttpMessageConverters]: Factory method 'messageConverters' threw exception; nested exception is java.lang.NoClassDefFoundError: com/fasterxml/jackson/core/JsonProcessingException
	at org.springframework.beans.factory.support.SimpleInstantiationStrategy.instantiate(SimpleInstantiationStrategy.java:189)
	at org.springframework.beans.factory.support.ConstructorResolver.instantiateUsingFactoryMethod(ConstructorResolver.java:588)
	... 62 more
Caused by: java.lang.NoClassDefFoundError: com/fasterxml/jackson/core/JsonProcessingException
	at java.lang.Class.forName0(Native Method)
	at java.lang.Class.forName(Class.java:264)
	at org.springframework.boot.autoconfigure.web.HttpMessageConverters.addClassIfExists(HttpMessageConverters.java:240)
	at org.springframework.boot.autoconfigure.web.HttpMessageConverters.&lt;clinit&gt;(HttpMessageConverters.java:63)
	at org.springframework.boot.autoconfigure.web.HttpMessageConvertersAutoConfiguration.messageConverters(HttpMessageConvertersAutoConfiguration.java:63)
	at org.springframework.boot.autoconfigure.web.HttpMessageConvertersAutoConfiguration$$EnhancerBySpringCGLIB$$bd4bb275.CGLIB$messageConverters$0(&lt;generated&gt;)
	at org.springframework.boot.autoconfigure.web.HttpMessageConvertersAutoConfiguration$$EnhancerBySpringCGLIB$$bd4bb275$$FastClassBySpringCGLIB$$df42265c.invoke(&lt;generated&gt;)
	at org.springframework.cglib.proxy.MethodProxy.invokeSuper(MethodProxy.java:228)
	at org.springframework.context.annotation.ConfigurationClassEnhancer$BeanMethodInterceptor.intercept(ConfigurationClassEnhancer.java:355)
	at org.springframework.boot.autoconfigure.web.HttpMessageConvertersAutoConfiguration$$EnhancerBySpringCGLIB$$bd4bb275.messageConverters(&lt;generated&gt;)
	at sun.reflect.NativeMethodAccessorImpl.invoke0(Native Method)
	at sun.reflect.NativeMethodAccessorImpl.invoke(NativeMethodAccessorImpl.java:62)
	at sun.reflect.DelegatingMethodAccessorImpl.invoke(DelegatingMethodAccessorImpl.java:43)
	at java.lang.reflect.Method.invoke(Method.java:498)
	at org.springframework.beans.factory.support.SimpleInstantiationStrategy.instantiate(SimpleInstantiationStrategy.java:162)
	... 63 more
Caused by: java.lang.ClassNotFoundException: com.fasterxml.jackson.core.JsonProcessingException
	at java.net.URLClassLoader.findClass(URLClassLoader.java:381)
	at java.lang.ClassLoader.loadClass(ClassLoader.java:424)
	at sun.misc.Launcher$AppClassLoader.loadClass(Launcher.java:331)
	at java.lang.ClassLoader.loadClass(ClassLoader.java:357)
	... 78 more
</failure>
  </testcase>
  <system-out><![CDATA[15:12:49.084 [Test worker] DEBUG o.s.t.c.j.SpringJUnit4ClassRunner - SpringJUnit4ClassRunner constructor called with [class com.example.VertecXmlRestApiApplicationTests]
15:12:49.087 [Test worker] DEBUG o.s.test.context.BootstrapUtils - Instantiating CacheAwareContextLoaderDelegate from class [org.springframework.test.context.cache.DefaultCacheAwareContextLoaderDelegate]
15:12:49.091 [Test worker] DEBUG o.s.test.context.BootstrapUtils - Instantiating BootstrapContext using constructor [public org.springframework.test.context.support.DefaultBootstrapContext(java.lang.Class,org.springframework.test.context.CacheAwareContextLoaderDelegate)]
15:12:49.097 [Test worker] DEBUG o.s.test.context.BootstrapUtils - Instantiating TestContextBootstrapper for test class [com.example.VertecXmlRestApiApplicationTests] from class [org.springframework.test.context.support.DefaultTestContextBootstrapper]
15:12:49.113 [Test worker] DEBUG o.s.t.c.s.DefaultTestContextBootstrapper - Found explicit ContextLoader class [org.springframework.boot.test.SpringApplicationContextLoader] for context configuration attributes [ContextConfigurationAttributes@41ef7525 declaringClass = 'com.example.VertecXmlRestApiApplicationTests', classes = '{class com.example.VertecXmlRestApiApplication}', locations = '{}', inheritLocations = true, initializers = '{}', inheritInitializers = true, name = [null], contextLoaderClass = 'org.springframework.boot.test.SpringApplicationContextLoader']
15:12:49.118 [Test worker] DEBUG o.s.t.c.s.AbstractContextLoader - Did not detect default resource location for test class [com.example.VertecXmlRestApiApplicationTests]: class path resource [com/example/VertecXmlRestApiApplicationTests-context.xml] does not exist
15:12:49.118 [Test worker] DEBUG o.s.t.c.s.AbstractContextLoader - Did not detect default resource location for test class [com.example.VertecXmlRestApiApplicationTests]: class path resource [com/example/VertecXmlRestApiApplicationTestsContext.groovy] does not exist
15:12:49.118 [Test worker] INFO  o.s.t.c.s.AbstractContextLoader - Could not detect default resource locations for test class [com.example.VertecXmlRestApiApplicationTests]: no resource found for suffixes {-context.xml, Context.groovy}.
15:12:49.120 [Test worker] DEBUG o.s.t.c.support.ActiveProfilesUtils - Could not find an 'annotation declaring class' for annotation type [org.springframework.test.context.ActiveProfiles] and class [com.example.VertecXmlRestApiApplicationTests]
15:12:49.123 [Test worker] DEBUG o.s.t.c.s.DefaultTestContextBootstrapper - @TestExecutionListeners is not present for class [com.example.VertecXmlRestApiApplicationTests]: using defaults.
15:12:49.128 [Test worker] INFO  o.s.t.c.s.DefaultTestContextBootstrapper - Loaded default TestExecutionListener class names from location [META-INF/spring.factories]: [org.springframework.test.context.web.ServletTestExecutionListener, org.springframework.test.context.support.DirtiesContextBeforeModesTestExecutionListener, org.springframework.test.context.support.DependencyInjectionTestExecutionListener, org.springframework.test.context.support.DirtiesContextTestExecutionListener, org.springframework.test.context.transaction.TransactionalTestExecutionListener, org.springframework.test.context.jdbc.SqlScriptsTestExecutionListener]
15:12:49.131 [Test worker] INFO  o.s.t.c.s.DefaultTestContextBootstrapper - Could not instantiate TestExecutionListener [org.springframework.test.context.transaction.TransactionalTestExecutionListener]. Specify custom listener classes or make the default listener classes (and their required dependencies) available. Offending class: [org/springframework/transaction/interceptor/TransactionAttributeSource]
15:12:49.132 [Test worker] INFO  o.s.t.c.s.DefaultTestContextBootstrapper - Could not instantiate TestExecutionListener [org.springframework.test.context.web.ServletTestExecutionListener]. Specify custom listener classes or make the default listener classes (and their required dependencies) available. Offending class: [javax/servlet/ServletContext]
15:12:49.133 [Test worker] INFO  o.s.t.c.s.DefaultTestContextBootstrapper - Could not instantiate TestExecutionListener [org.springframework.test.context.jdbc.SqlScriptsTestExecutionListener]. Specify custom listener classes or make the default listener classes (and their required dependencies) available. Offending class: [org/springframework/transaction/interceptor/TransactionAttribute]
15:12:49.134 [Test worker] INFO  o.s.t.c.s.DefaultTestContextBootstrapper - Using TestExecutionListeners: [org.springframework.test.context.support.DirtiesContextBeforeModesTestExecutionListener@29b0e0cd, org.springframework.test.context.support.DependencyInjectionTestExecutionListener@27b6ec53, org.springframework.test.context.support.DirtiesContextTestExecutionListener@5f3d02fc]
15:12:49.136 [Test worker] DEBUG o.s.t.annotation.ProfileValueUtils - Retrieved @ProfileValueSourceConfiguration [null] for test class [com.example.VertecXmlRestApiApplicationTests]
15:12:49.137 [Test worker] DEBUG o.s.t.annotation.ProfileValueUtils - Retrieved ProfileValueSource type [class org.springframework.test.annotation.SystemProfileValueSource] for class [com.example.VertecXmlRestApiApplicationTests]
15:12:49.137 [Test worker] DEBUG o.s.t.annotation.ProfileValueUtils - Retrieved @ProfileValueSourceConfiguration [null] for test class [com.example.VertecXmlRestApiApplicationTests]
15:12:49.138 [Test worker] DEBUG o.s.t.annotation.ProfileValueUtils - Retrieved ProfileValueSource type [class org.springframework.test.annotation.SystemProfileValueSource] for class [com.example.VertecXmlRestApiApplicationTests]
15:12:49.140 [Test worker] DEBUG o.s.t.c.s.AbstractDirtiesContextTestExecutionListener - Before test class: context [DefaultTestContext@1aecc015 testClass = VertecXmlRestApiApplicationTests, testInstance = [null], testMethod = [null], testException = [null], mergedContextConfiguration = [MergedContextConfiguration@5d40bd3a testClass = VertecXmlRestApiApplicationTests, locations = '{}', classes = '{class com.example.VertecXmlRestApiApplication}', contextInitializerClasses = '[]', activeProfiles = '{}', propertySourceLocations = '{}', propertySourceProperties = '{}', contextLoader = 'org.springframework.boot.test.SpringApplicationContextLoader', parent = [null]]], class annotated with @DirtiesContext [false] with mode [null].
15:12:49.141 [Test worker] DEBUG o.s.t.annotation.ProfileValueUtils - Retrieved @ProfileValueSourceConfiguration [null] for test class [com.example.VertecXmlRestApiApplicationTests]
15:12:49.141 [Test worker] DEBUG o.s.t.annotation.ProfileValueUtils - Retrieved ProfileValueSource type [class org.springframework.test.annotation.SystemProfileValueSource] for class [com.example.VertecXmlRestApiApplicationTests]
15:12:49.142 [Test worker] DEBUG o.s.t.c.s.DependencyInjectionTestExecutionListener - Performing dependency injection for test context [[DefaultTestContext@1aecc015 testClass = VertecXmlRestApiApplicationTests, testInstance = com.example.VertecXmlRestApiApplicationTests@24e6d9a, testMethod = [null], testException = [null], mergedContextConfiguration = [MergedContextConfiguration@5d40bd3a testClass = VertecXmlRestApiApplicationTests, locations = '{}', classes = '{class com.example.VertecXmlRestApiApplication}', contextInitializerClasses = '[]', activeProfiles = '{}', propertySourceLocations = '{}', propertySourceProperties = '{}', contextLoader = 'org.springframework.boot.test.SpringApplicationContextLoader', parent = [null]]]].
15:12:49.186 [Test worker] DEBUG o.s.core.env.StandardEnvironment - Adding [systemProperties] PropertySource with lowest search precedence
15:12:49.187 [Test worker] DEBUG o.s.core.env.StandardEnvironment - Adding [systemEnvironment] PropertySource with lowest search precedence
15:12:49.188 [Test worker] DEBUG o.s.core.env.StandardEnvironment - Initialized StandardEnvironment with PropertySources [systemProperties,systemEnvironment]
15:12:49.189 [Test worker] DEBUG o.s.core.env.StandardEnvironment - Adding [integrationTest] PropertySource with search precedence immediately lower than [systemEnvironment]

  .   ____          _            __ _ _
 /\\ / ___'_ __ _ _(_)_ __  __ _ \ \ \ \
( ( )\___ | '_ | '_| | '_ \/ _` | \ \ \ \
 \\/  ___)| |_)| | | | | || (_| |  ) ) ) )
  '  |____| .__|_| |_|_| |_\__, | / / / /
 =========|_|==============|___/=/_/_/_/
 :: Spring Boot ::        (v1.3.3.RELEASE)

2016-04-22 15:12:49.377  INFO 20119 --- [    Test worker] c.e.VertecXmlRestApiApplicationTests     : Starting VertecXmlRestApiApplicationTests on gergelys-mbp.ads.zuehlke.com with PID 20119 (/Users/gebo/IdeaProjects/VertecXML_REST_API/build/classes/test started by gebo in /Users/gebo/IdeaProjects/VertecXML_REST_API)
2016-04-22 15:12:49.378  INFO 20119 --- [    Test worker] c.e.VertecXmlRestApiApplicationTests     : No active profile set, falling back to default profiles: default
2016-04-22 15:12:49.405  INFO 20119 --- [    Test worker] s.c.a.AnnotationConfigApplicationContext : Refreshing org.springframework.context.annotation.AnnotationConfigApplicationContext@540486a: startup date [Fri Apr 22 15:12:49 BST 2016]; root of context hierarchy
2016-04-22 15:12:49.821  WARN 20119 --- [    Test worker] s.c.a.AnnotationConfigApplicationContext : Exception encountered during context initialization - cancelling refresh attempt: org.springframework.beans.factory.BeanCreationException: Error creating bean with name 'messageConverters' defined in class path resource [org/springframework/boot/autoconfigure/web/HttpMessageConvertersAutoConfiguration.class]: Bean instantiation via factory method failed; nested exception is org.springframework.beans.BeanInstantiationException: Failed to instantiate [org.springframework.boot.autoconfigure.web.HttpMessageConverters]: Factory method 'messageConverters' threw exception; nested exception is java.lang.NoClassDefFoundError: com/fasterxml/jackson/core/JsonProcessingException
2016-04-22 15:12:49.827 ERROR 20119 --- [    Test worker] o.s.boot.SpringApplication               : Application startup failed

org.springframework.beans.factory.BeanCreationException: Error creating bean with name 'messageConverters' defined in class path resource [org/springframework/boot/autoconfigure/web/HttpMessageConvertersAutoConfiguration.class]: Bean instantiation via factory method failed; nested exception is org.springframework.beans.BeanInstantiationException: Failed to instantiate [org.springframework.boot.autoconfigure.web.HttpMessageConverters]: Factory method 'messageConverters' threw exception; nested exception is java.lang.NoClassDefFoundError: com/fasterxml/jackson/core/JsonProcessingException
	at org.springframework.beans.factory.support.ConstructorResolver.instantiateUsingFactoryMethod(ConstructorResolver.java:599) ~[spring-beans-4.2.5.RELEASE.jar:4.2.5.RELEASE]
	at org.springframework.beans.factory.support.AbstractAutowireCapableBeanFactory.instantiateUsingFactoryMethod(AbstractAutowireCapableBeanFactory.java:1123) ~[spring-beans-4.2.5.RELEASE.jar:4.2.5.RELEASE]
	at org.springframework.beans.factory.support.AbstractAutowireCapableBeanFactory.createBeanInstance(AbstractAutowireCapableBeanFactory.java:1018) ~[spring-beans-4.2.5.RELEASE.jar:4.2.5.RELEASE]
	at org.springframework.beans.factory.support.AbstractAutowireCapableBeanFactory.doCreateBean(AbstractAutowireCapableBeanFactory.java:510) ~[spring-beans-4.2.5.RELEASE.jar:4.2.5.RELEASE]
	at org.springframework.beans.factory.support.AbstractAutowireCapableBeanFactory.createBean(AbstractAutowireCapableBeanFactory.java:482) ~[spring-beans-4.2.5.RELEASE.jar:4.2.5.RELEASE]
	at org.springframework.beans.factory.support.AbstractBeanFactory$1.getObject(AbstractBeanFactory.java:306) ~[spring-beans-4.2.5.RELEASE.jar:4.2.5.RELEASE]
	at org.springframework.beans.factory.support.DefaultSingletonBeanRegistry.getSingleton(DefaultSingletonBeanRegistry.java:230) ~[spring-beans-4.2.5.RELEASE.jar:4.2.5.RELEASE]
	at org.springframework.beans.factory.support.AbstractBeanFactory.doGetBean(AbstractBeanFactory.java:302) ~[spring-beans-4.2.5.RELEASE.jar:4.2.5.RELEASE]
	at org.springframework.beans.factory.support.AbstractBeanFactory.getBean(AbstractBeanFactory.java:197) ~[spring-beans-4.2.5.RELEASE.jar:4.2.5.RELEASE]
	at org.springframework.beans.factory.support.DefaultListableBeanFactory.preInstantiateSingletons(DefaultListableBeanFactory.java:772) ~[spring-beans-4.2.5.RELEASE.jar:4.2.5.RELEASE]
	at org.springframework.context.support.AbstractApplicationContext.finishBeanFactoryInitialization(AbstractApplicationContext.java:839) ~[spring-context-4.2.5.RELEASE.jar:4.2.5.RELEASE]
	at org.springframework.context.support.AbstractApplicationContext.refresh(AbstractApplicationContext.java:538) ~[spring-context-4.2.5.RELEASE.jar:4.2.5.RELEASE]
	at org.springframework.boot.SpringApplication.refresh(SpringApplication.java:766) ~[spring-boot-1.3.3.RELEASE.jar:1.3.3.RELEASE]
	at org.springframework.boot.SpringApplication.createAndRefreshContext(SpringApplication.java:361) ~[spring-boot-1.3.3.RELEASE.jar:1.3.3.RELEASE]
	at org.springframework.boot.SpringApplication.run(SpringApplication.java:307) ~[spring-boot-1.3.3.RELEASE.jar:1.3.3.RELEASE]
	at org.springframework.boot.test.SpringApplicationContextLoader.loadContext(SpringApplicationContextLoader.java:98) [spring-boot-1.3.3.RELEASE.jar:1.3.3.RELEASE]
	at org.springframework.test.context.cache.DefaultCacheAwareContextLoaderDelegate.loadContextInternal(DefaultCacheAwareContextLoaderDelegate.java:98) [spring-test-4.2.5.RELEASE.jar:4.2.5.RELEASE]
	at org.springframework.test.context.cache.DefaultCacheAwareContextLoaderDelegate.loadContext(DefaultCacheAwareContextLoaderDelegate.java:116) [spring-test-4.2.5.RELEASE.jar:4.2.5.RELEASE]
	at org.springframework.test.context.support.DefaultTestContext.getApplicationContext(DefaultTestContext.java:83) [spring-test-4.2.5.RELEASE.jar:4.2.5.RELEASE]
	at org.springframework.test.context.support.DependencyInjectionTestExecutionListener.injectDependencies(DependencyInjectionTestExecutionListener.java:117) [spring-test-4.2.5.RELEASE.jar:4.2.5.RELEASE]
	at org.springframework.test.context.support.DependencyInjectionTestExecutionListener.prepareTestInstance(DependencyInjectionTestExecutionListener.java:83) [spring-test-4.2.5.RELEASE.jar:4.2.5.RELEASE]
	at org.springframework.test.context.TestContextManager.prepareTestInstance(TestContextManager.java:228) [spring-test-4.2.5.RELEASE.jar:4.2.5.RELEASE]
	at org.springframework.test.context.junit4.SpringJUnit4ClassRunner.createTest(SpringJUnit4ClassRunner.java:230) [spring-test-4.2.5.RELEASE.jar:4.2.5.RELEASE]
	at org.springframework.test.context.junit4.SpringJUnit4ClassRunner$1.runReflectiveCall(SpringJUnit4ClassRunner.java:289) [spring-test-4.2.5.RELEASE.jar:4.2.5.RELEASE]
	at org.junit.internal.runners.model.ReflectiveCallable.run(ReflectiveCallable.java:12) [junit-4.12.jar:4.12]
	at org.springframework.test.context.junit4.SpringJUnit4ClassRunner.methodBlock(SpringJUnit4ClassRunner.java:291) [spring-test-4.2.5.RELEASE.jar:4.2.5.RELEASE]
	at org.springframework.test.context.junit4.SpringJUnit4ClassRunner.runChild(SpringJUnit4ClassRunner.java:249) [spring-test-4.2.5.RELEASE.jar:4.2.5.RELEASE]
	at org.springframework.test.context.junit4.SpringJUnit4ClassRunner.runChild(SpringJUnit4ClassRunner.java:89) [spring-test-4.2.5.RELEASE.jar:4.2.5.RELEASE]
	at org.junit.runners.ParentRunner$3.run(ParentRunner.java:290) [junit-4.12.jar:4.12]
	at org.junit.runners.ParentRunner$1.schedule(ParentRunner.java:71) [junit-4.12.jar:4.12]
	at org.junit.runners.ParentRunner.runChildren(ParentRunner.java:288) [junit-4.12.jar:4.12]
	at org.junit.runners.ParentRunner.access$000(ParentRunner.java:58) [junit-4.12.jar:4.12]
	at org.junit.runners.ParentRunner$2.evaluate(ParentRunner.java:268) [junit-4.12.jar:4.12]
	at org.springframework.test.context.junit4.statements.RunBeforeTestClassCallbacks.evaluate(RunBeforeTestClassCallbacks.java:61) [spring-test-4.2.5.RELEASE.jar:4.2.5.RELEASE]
	at org.springframework.test.context.junit4.statements.RunAfterTestClassCallbacks.evaluate(RunAfterTestClassCallbacks.java:70) [spring-test-4.2.5.RELEASE.jar:4.2.5.RELEASE]
	at org.junit.runners.ParentRunner.run(ParentRunner.java:363) [junit-4.12.jar:4.12]
	at org.springframework.test.context.junit4.SpringJUnit4ClassRunner.run(SpringJUnit4ClassRunner.java:193) [spring-test-4.2.5.RELEASE.jar:4.2.5.RELEASE]
	at org.gradle.api.internal.tasks.testing.junit.JUnitTestClassExecuter.runTestClass(JUnitTestClassExecuter.java:112) [gradle-testing-jvm-2.12.jar:2.12]
	at org.gradle.api.internal.tasks.testing.junit.JUnitTestClassExecuter.execute(JUnitTestClassExecuter.java:56) [gradle-testing-jvm-2.12.jar:2.12]
	at org.gradle.api.internal.tasks.testing.junit.JUnitTestClassProcessor.processTestClass(JUnitTestClassProcessor.java:66) [gradle-testing-jvm-2.12.jar:2.12]
	at org.gradle.api.internal.tasks.testing.SuiteTestClassProcessor.processTestClass(SuiteTestClassProcessor.java:51) [gradle-testing-base-2.12.jar:2.12]
	at sun.reflect.NativeMethodAccessorImpl.invoke0(Native Method) ~[na:1.8.0_77]
	at sun.reflect.NativeMethodAccessorImpl.invoke(NativeMethodAccessorImpl.java:62) ~[na:1.8.0_77]
	at sun.reflect.DelegatingMethodAccessorImpl.invoke(DelegatingMethodAccessorImpl.java:43) ~[na:1.8.0_77]
	at java.lang.reflect.Method.invoke(Method.java:498) ~[na:1.8.0_77]
	at org.gradle.messaging.dispatch.ReflectionDispatch.dispatch(ReflectionDispatch.java:35) [gradle-messaging-2.12.jar:2.12]
	at org.gradle.messaging.dispatch.ReflectionDispatch.dispatch(ReflectionDispatch.java:24) [gradle-messaging-2.12.jar:2.12]
	at org.gradle.messaging.dispatch.ContextClassLoaderDispatch.dispatch(ContextClassLoaderDispatch.java:32) [gradle-messaging-2.12.jar:2.12]
	at org.gradle.messaging.dispatch.ProxyDispatchAdapter$DispatchingInvocationHandler.invoke(ProxyDispatchAdapter.java:93) [gradle-messaging-2.12.jar:2.12]
	at com.sun.proxy.$Proxy2.processTestClass(Unknown Source) [na:na]
	at org.gradle.api.internal.tasks.testing.worker.TestWorker.processTestClass(TestWorker.java:109) [gradle-testing-base-2.12.jar:2.12]
	at sun.reflect.NativeMethodAccessorImpl.invoke0(Native Method) ~[na:1.8.0_77]
	at sun.reflect.NativeMethodAccessorImpl.invoke(NativeMethodAccessorImpl.java:62) ~[na:1.8.0_77]
	at sun.reflect.DelegatingMethodAccessorImpl.invoke(DelegatingMethodAccessorImpl.java:43) ~[na:1.8.0_77]
	at java.lang.reflect.Method.invoke(Method.java:498) ~[na:1.8.0_77]
	at org.gradle.messaging.dispatch.ReflectionDispatch.dispatch(ReflectionDispatch.java:35) [gradle-messaging-2.12.jar:2.12]
	at org.gradle.messaging.dispatch.ReflectionDispatch.dispatch(ReflectionDispatch.java:24) [gradle-messaging-2.12.jar:2.12]
	at org.gradle.messaging.remote.internal.hub.MessageHub$Handler.run(MessageHub.java:360) [gradle-messaging-2.12.jar:2.12]
	at org.gradle.internal.concurrent.ExecutorPolicy$CatchAndRecordFailures.onExecute(ExecutorPolicy.java:54) [gradle-base-services-2.12.jar:2.12]
	at org.gradle.internal.concurrent.StoppableExecutorImpl$1.run(StoppableExecutorImpl.java:40) [gradle-base-services-2.12.jar:2.12]
	at java.util.concurrent.ThreadPoolExecutor.runWorker(ThreadPoolExecutor.java:1142) [na:1.8.0_77]
	at java.util.concurrent.ThreadPoolExecutor$Worker.run(ThreadPoolExecutor.java:617) [na:1.8.0_77]
	at java.lang.Thread.run(Thread.java:745) [na:1.8.0_77]
Caused by: org.springframework.beans.BeanInstantiationException: Failed to instantiate [org.springframework.boot.autoconfigure.web.HttpMessageConverters]: Factory method 'messageConverters' threw exception; nested exception is java.lang.NoClassDefFoundError: com/fasterxml/jackson/core/JsonProcessingException
	at org.springframework.beans.factory.support.SimpleInstantiationStrategy.instantiate(SimpleInstantiationStrategy.java:189) ~[spring-beans-4.2.5.RELEASE.jar:4.2.5.RELEASE]
	at org.springframework.beans.factory.support.ConstructorResolver.instantiateUsingFactoryMethod(ConstructorResolver.java:588) ~[spring-beans-4.2.5.RELEASE.jar:4.2.5.RELEASE]
	... 62 common frames omitted
Caused by: java.lang.NoClassDefFoundError: com/fasterxml/jackson/core/JsonProcessingException
	at java.lang.Class.forName0(Native Method) ~[na:1.8.0_77]
	at java.lang.Class.forName(Class.java:264) ~[na:1.8.0_77]
	at org.springframework.boot.autoconfigure.web.HttpMessageConverters.addClassIfExists(HttpMessageConverters.java:240) ~[spring-boot-autoconfigure-1.3.3.RELEASE.jar:1.3.3.RELEASE]
	at org.springframework.boot.autoconfigure.web.HttpMessageConverters.<clinit>(HttpMessageConverters.java:63) ~[spring-boot-autoconfigure-1.3.3.RELEASE.jar:1.3.3.RELEASE]
	at org.springframework.boot.autoconfigure.web.HttpMessageConvertersAutoConfiguration.messageConverters(HttpMessageConvertersAutoConfiguration.java:63) ~[spring-boot-autoconfigure-1.3.3.RELEASE.jar:1.3.3.RELEASE]
	at org.springframework.boot.autoconfigure.web.HttpMessageConvertersAutoConfiguration$$EnhancerBySpringCGLIB$$bd4bb275.CGLIB$messageConverters$0(<generated>) ~[spring-boot-autoconfigure-1.3.3.RELEASE.jar:1.3.3.RELEASE]
	at org.springframework.boot.autoconfigure.web.HttpMessageConvertersAutoConfiguration$$EnhancerBySpringCGLIB$$bd4bb275$$FastClassBySpringCGLIB$$df42265c.invoke(<generated>) ~[spring-boot-autoconfigure-1.3.3.RELEASE.jar:1.3.3.RELEASE]
	at org.springframework.cglib.proxy.MethodProxy.invokeSuper(MethodProxy.java:228) ~[spring-core-4.2.5.RELEASE.jar:4.2.5.RELEASE]
	at org.springframework.context.annotation.ConfigurationClassEnhancer$BeanMethodInterceptor.intercept(ConfigurationClassEnhancer.java:355) ~[spring-context-4.2.5.RELEASE.jar:4.2.5.RELEASE]
	at org.springframework.boot.autoconfigure.web.HttpMessageConvertersAutoConfiguration$$EnhancerBySpringCGLIB$$bd4bb275.messageConverters(<generated>) ~[spring-boot-autoconfigure-1.3.3.RELEASE.jar:1.3.3.RELEASE]
	at sun.reflect.NativeMethodAccessorImpl.invoke0(Native Method) ~[na:1.8.0_77]
	at sun.reflect.NativeMethodAccessorImpl.invoke(NativeMethodAccessorImpl.java:62) ~[na:1.8.0_77]
	at sun.reflect.DelegatingMethodAccessorImpl.invoke(DelegatingMethodAccessorImpl.java:43) ~[na:1.8.0_77]
	at java.lang.reflect.Method.invoke(Method.java:498) ~[na:1.8.0_77]
	at org.springframework.beans.factory.support.SimpleInstantiationStrategy.instantiate(SimpleInstantiationStrategy.java:162) ~[spring-beans-4.2.5.RELEASE.jar:4.2.5.RELEASE]
	... 63 common frames omitted
Caused by: java.lang.ClassNotFoundException: com.fasterxml.jackson.core.JsonProcessingException
	at java.net.URLClassLoader.findClass(URLClassLoader.java:381) ~[na:1.8.0_77]
	at java.lang.ClassLoader.loadClass(ClassLoader.java:424) ~[na:1.8.0_77]
	at sun.misc.Launcher$AppClassLoader.loadClass(Launcher.java:331) ~[na:1.8.0_77]
	at java.lang.ClassLoader.loadClass(ClassLoader.java:357) ~[na:1.8.0_77]
	... 78 common frames omitted

2016-04-22 15:12:49.830  INFO 20119 --- [    Test worker] .b.l.ClasspathLoggingApplicationListener : Application failed to start with classpath: [file:/Users/gebo/.gradle/caches/2.12/workerMain/gradle-worker.jar, file:/Users/gebo/IdeaProjects/VertecXML_REST_API/build/classes/test/, file:/Users/gebo/IdeaProjects/VertecXML_REST_API/build/resources/test, file:/Users/gebo/IdeaProjects/VertecXML_REST_API/build/classes/main/, file:/Users/gebo/IdeaProjects/VertecXML_REST_API/build/resources/main/, file:/Users/gebo/.gradle/caches/modules-2/files-2.1/org.springframework.boot/spring-boot-starter/1.3.3.RELEASE/e4a71ce6ae8e42a7535dd9f1a39f91d36c538f28/spring-boot-starter-1.3.3.RELEASE.jar, file:/Users/gebo/.gradle/caches/modules-2/files-2.1/io.springfox/springfox-swagger2/2.0.2/3b51a4adea3b5adae39e19c1918039fe2dbfa4eb/springfox-swagger2-2.0.2.jar, file:/Users/gebo/.gradle/caches/modules-2/files-2.1/io.springfox/springfox-swagger-ui/2.0.2/d282bd0c0321614206438942246ed850ee5ecde9/springfox-swagger-ui-2.0.2.jar, file:/Users/gebo/.gradle/caches/modules-2/files-2.1/org.springframework.boot/spring-boot-starter-test/1.3.3.RELEASE/f440856dcf4c3018c9005fa229e7509f28927a73/spring-boot-starter-test-1.3.3.RELEASE.jar, file:/Users/gebo/.gradle/caches/modules-2/files-2.1/junit/junit/4.12/2973d150c0dc1fefe998f834810d68f278ea58ec/junit-4.12.jar, file:/Users/gebo/.gradle/caches/modules-2/files-2.1/org.springframework.boot/spring-boot/1.3.3.RELEASE/641cc375499d444e4efbc1801902260daa79758d/spring-boot-1.3.3.RELEASE.jar, file:/Users/gebo/.gradle/caches/modules-2/files-2.1/org.springframework.boot/spring-boot-autoconfigure/1.3.3.RELEASE/e7a4a25f74dac6b335ffabc43e3e8a6e3066340e/spring-boot-autoconfigure-1.3.3.RELEASE.jar, file:/Users/gebo/.gradle/caches/modules-2/files-2.1/org.springframework.boot/spring-boot-starter-logging/1.3.3.RELEASE/16b395c84f28b947f1c336aa461fda1e662bb3b6/spring-boot-starter-logging-1.3.3.RELEASE.jar, file:/Users/gebo/.gradle/caches/modules-2/files-2.1/org.springframework/spring-core/4.2.5.RELEASE/251207b29f0f38f61e3495a2f7fb053cf1bfe8c/spring-core-4.2.5.RELEASE.jar, file:/Users/gebo/.gradle/caches/modules-2/files-2.1/org.yaml/snakeyaml/1.16/d64fb662c9e42789149f5078a62a22edda786c6a/snakeyaml-1.16.jar, file:/Users/gebo/.gradle/caches/modules-2/files-2.1/org.mapstruct/mapstruct/1.0.0.Beta4/728d0705c62165d9b6bdb9db8794c344414d5eae/mapstruct-1.0.0.Beta4.jar, file:/Users/gebo/.gradle/caches/modules-2/files-2.1/org.springframework/spring-context/4.2.5.RELEASE/a75e18322c7b362fe1daa26a245ae672ec0f3138/spring-context-4.2.5.RELEASE.jar, file:/Users/gebo/.gradle/caches/modules-2/files-2.1/io.swagger/swagger-annotations/1.5.0/f7497f7887e65277c0dab1da1148cf211083f3d4/swagger-annotations-1.5.0.jar, file:/Users/gebo/.gradle/caches/modules-2/files-2.1/io.swagger/swagger-models/1.5.0/d2566bfc270073a559b342089f54086ee64ca5b1/swagger-models-1.5.0.jar, file:/Users/gebo/.gradle/caches/modules-2/files-2.1/io.springfox/springfox-spi/2.0.2/78e48b1e0c2c5822e35407906181e0d3e613c50a/springfox-spi-2.0.2.jar, file:/Users/gebo/.gradle/caches/modules-2/files-2.1/io.springfox/springfox-schema/2.0.2/68c7f9a1762733c723289cc85edd5b726c417ab1/springfox-schema-2.0.2.jar, file:/Users/gebo/.gradle/caches/modules-2/files-2.1/io.springfox/springfox-swagger-common/2.0.2/10c0b6ede75841a746b3111a406d010c70b4d832/springfox-swagger-common-2.0.2.jar, file:/Users/gebo/.gradle/caches/modules-2/files-2.1/io.springfox/springfox-spring-web/2.0.2/e0e368a930eea784a55f87adcc4266949cc9bedf/springfox-spring-web-2.0.2.jar, file:/Users/gebo/.gradle/caches/modules-2/files-2.1/com.google.guava/guava/18.0/cce0823396aa693798f8882e64213b1772032b09/guava-18.0.jar, file:/Users/gebo/.gradle/caches/modules-2/files-2.1/com.fasterxml/classmate/1.2.0/3df977abee5df39041e60c763840cd948581971/classmate-1.2.0.jar, file:/Users/gebo/.gradle/caches/modules-2/files-2.1/org.slf4j/slf4j-api/1.7.16/3a6274f658487d5bfff9af3862beff6da1e7fd52/slf4j-api-1.7.16.jar, file:/Users/gebo/.gradle/caches/modules-2/files-2.1/joda-time/joda-time/2.8.2/d27c24204c5e507b16fec01006b3d0f1ec42aed4/joda-time-2.8.2.jar, file:/Users/gebo/.gradle/caches/modules-2/files-2.1/org.springframework.plugin/spring-plugin-core/1.2.0.RELEASE/f380e7760032e7d929184f8ad8a33716b75c0657/spring-plugin-core-1.2.0.RELEASE.jar, file:/Users/gebo/.gradle/caches/modules-2/files-2.1/org.springframework.plugin/spring-plugin-metadata/1.2.0.RELEASE/97223fc496b6cab31602eedbd4202aa4fff0d44f/spring-plugin-metadata-1.2.0.RELEASE.jar, file:/Users/gebo/.gradle/caches/modules-2/files-2.1/org.springframework.hateoas/spring-hateoas/0.19.0.RELEASE/77b3b15c301d2517356b76304a2670df33ef2e2c/spring-hateoas-0.19.0.RELEASE.jar, file:/Users/gebo/.gradle/caches/modules-2/files-2.1/org.mockito/mockito-core/1.10.19/e8546f5bef4e061d8dd73895b4e8f40e3fe6effe/mockito-core-1.10.19.jar, file:/Users/gebo/.gradle/caches/modules-2/files-2.1/org.hamcrest/hamcrest-core/1.3/42a25dc3219429f0e5d060061f71acb49bf010a0/hamcrest-core-1.3.jar, file:/Users/gebo/.gradle/caches/modules-2/files-2.1/org.hamcrest/hamcrest-library/1.3/4785a3c21320980282f9f33d0d1264a69040538f/hamcrest-library-1.3.jar, file:/Users/gebo/.gradle/caches/modules-2/files-2.1/org.springframework/spring-test/4.2.5.RELEASE/60bd0ac25869d515717284b77644d0416d3a38c5/spring-test-4.2.5.RELEASE.jar, file:/Users/gebo/.gradle/caches/modules-2/files-2.1/ch.qos.logback/logback-classic/1.1.5/92353eb144695bba80b31f7bec4f36d871f230ac/logback-classic-1.1.5.jar, file:/Users/gebo/.gradle/caches/modules-2/files-2.1/org.slf4j/jcl-over-slf4j/1.7.16/34e48073884704ac987d3d1a1ab9b60e62028a9/jcl-over-slf4j-1.7.16.jar, file:/Users/gebo/.gradle/caches/modules-2/files-2.1/org.slf4j/jul-to-slf4j/1.7.16/2d5b546c5557dcbf08c3a381d7dc9bd275a602c1/jul-to-slf4j-1.7.16.jar, file:/Users/gebo/.gradle/caches/modules-2/files-2.1/org.slf4j/log4j-over-slf4j/1.7.16/c5922f37c8a5e4377cfb543c549f10e73d72ede0/log4j-over-slf4j-1.7.16.jar, file:/Users/gebo/.gradle/caches/modules-2/files-2.1/org.springframework/spring-aop/4.2.5.RELEASE/858d6c70909b3ce7e07b59fc936f8ccfcd81c0aa/spring-aop-4.2.5.RELEASE.jar, file:/Users/gebo/.gradle/caches/modules-2/files-2.1/org.springframework/spring-beans/4.2.5.RELEASE/fa992ae40f6fc47117282164e0433b71da385e94/spring-beans-4.2.5.RELEASE.jar, file:/Users/gebo/.gradle/caches/modules-2/files-2.1/org.springframework/spring-expression/4.2.5.RELEASE/a42bdfb833d0be6c18429aea3fb0fba81f85c6e8/spring-expression-4.2.5.RELEASE.jar, file:/Users/gebo/.gradle/caches/modules-2/files-2.1/com.fasterxml.jackson.core/jackson-annotations/2.6.5/65137ebf85056473b40c311f889601646a7612ba/jackson-annotations-2.6.5.jar, file:/Users/gebo/.gradle/caches/modules-2/files-2.1/io.springfox/springfox-core/2.0.2/f092720e5facaa604d8ee0d903a2384c10e5261a/springfox-core-2.0.2.jar, file:/Users/gebo/.gradle/caches/modules-2/files-2.1/org.springframework/spring-web/4.2.5.RELEASE/49cd2430884b77172aa81e3fc33ef668ea1dab30/spring-web-4.2.5.RELEASE.jar, file:/Users/gebo/.gradle/caches/modules-2/files-2.1/org.springframework/spring-webmvc/4.2.5.RELEASE/cf463cce3e4453eb4b9a69de2dcdfd60c3c57e0/spring-webmvc-4.2.5.RELEASE.jar, file:/Users/gebo/.gradle/caches/modules-2/files-2.1/org.objenesis/objenesis/2.1/87c0ea803b69252868d09308b4618f766f135a96/objenesis-2.1.jar, file:/Users/gebo/.gradle/caches/modules-2/files-2.1/ch.qos.logback/logback-core/1.1.5/16722afde74444716e299bee1f60aec9f6d1f0dc/logback-core-1.1.5.jar, file:/Users/gebo/.gradle/caches/modules-2/files-2.1/aopalliance/aopalliance/1.0/235ba8b489512805ac13a8f9ea77a1ca5ebe3e8/aopalliance-1.0.jar]
2016-04-22 15:12:49.834 ERROR 20119 --- [    Test worker] o.s.test.context.TestContextManager      : Caught exception while allowing TestExecutionListener [org.springframework.test.context.support.DependencyInjectionTestExecutionListener@27b6ec53] to prepare test instance [com.example.VertecXmlRestApiApplicationTests@24e6d9a]

java.lang.IllegalStateException: Failed to load ApplicationContext
	at org.springframework.test.context.cache.DefaultCacheAwareContextLoaderDelegate.loadContext(DefaultCacheAwareContextLoaderDelegate.java:124) ~[spring-test-4.2.5.RELEASE.jar:4.2.5.RELEASE]
	at org.springframework.test.context.support.DefaultTestContext.getApplicationContext(DefaultTestContext.java:83) ~[spring-test-4.2.5.RELEASE.jar:4.2.5.RELEASE]
	at org.springframework.test.context.support.DependencyInjectionTestExecutionListener.injectDependencies(DependencyInjectionTestExecutionListener.java:117) ~[spring-test-4.2.5.RELEASE.jar:4.2.5.RELEASE]
	at org.springframework.test.context.support.DependencyInjectionTestExecutionListener.prepareTestInstance(DependencyInjectionTestExecutionListener.java:83) ~[spring-test-4.2.5.RELEASE.jar:4.2.5.RELEASE]
	at org.springframework.test.context.TestContextManager.prepareTestInstance(TestContextManager.java:228) ~[spring-test-4.2.5.RELEASE.jar:4.2.5.RELEASE]
	at org.springframework.test.context.junit4.SpringJUnit4ClassRunner.createTest(SpringJUnit4ClassRunner.java:230) [spring-test-4.2.5.RELEASE.jar:4.2.5.RELEASE]
	at org.springframework.test.context.junit4.SpringJUnit4ClassRunner$1.runReflectiveCall(SpringJUnit4ClassRunner.java:289) [spring-test-4.2.5.RELEASE.jar:4.2.5.RELEASE]
	at org.junit.internal.runners.model.ReflectiveCallable.run(ReflectiveCallable.java:12) [junit-4.12.jar:4.12]
	at org.springframework.test.context.junit4.SpringJUnit4ClassRunner.methodBlock(SpringJUnit4ClassRunner.java:291) [spring-test-4.2.5.RELEASE.jar:4.2.5.RELEASE]
	at org.springframework.test.context.junit4.SpringJUnit4ClassRunner.runChild(SpringJUnit4ClassRunner.java:249) [spring-test-4.2.5.RELEASE.jar:4.2.5.RELEASE]
	at org.springframework.test.context.junit4.SpringJUnit4ClassRunner.runChild(SpringJUnit4ClassRunner.java:89) [spring-test-4.2.5.RELEASE.jar:4.2.5.RELEASE]
	at org.junit.runners.ParentRunner$3.run(ParentRunner.java:290) [junit-4.12.jar:4.12]
	at org.junit.runners.ParentRunner$1.schedule(ParentRunner.java:71) [junit-4.12.jar:4.12]
	at org.junit.runners.ParentRunner.runChildren(ParentRunner.java:288) [junit-4.12.jar:4.12]
	at org.junit.runners.ParentRunner.access$000(ParentRunner.java:58) [junit-4.12.jar:4.12]
	at org.junit.runners.ParentRunner$2.evaluate(ParentRunner.java:268) [junit-4.12.jar:4.12]
	at org.springframework.test.context.junit4.statements.RunBeforeTestClassCallbacks.evaluate(RunBeforeTestClassCallbacks.java:61) [spring-test-4.2.5.RELEASE.jar:4.2.5.RELEASE]
	at org.springframework.test.context.junit4.statements.RunAfterTestClassCallbacks.evaluate(RunAfterTestClassCallbacks.java:70) [spring-test-4.2.5.RELEASE.jar:4.2.5.RELEASE]
	at org.junit.runners.ParentRunner.run(ParentRunner.java:363) [junit-4.12.jar:4.12]
	at org.springframework.test.context.junit4.SpringJUnit4ClassRunner.run(SpringJUnit4ClassRunner.java:193) [spring-test-4.2.5.RELEASE.jar:4.2.5.RELEASE]
	at org.gradle.api.internal.tasks.testing.junit.JUnitTestClassExecuter.runTestClass(JUnitTestClassExecuter.java:112) [gradle-testing-jvm-2.12.jar:2.12]
	at org.gradle.api.internal.tasks.testing.junit.JUnitTestClassExecuter.execute(JUnitTestClassExecuter.java:56) [gradle-testing-jvm-2.12.jar:2.12]
	at org.gradle.api.internal.tasks.testing.junit.JUnitTestClassProcessor.processTestClass(JUnitTestClassProcessor.java:66) [gradle-testing-jvm-2.12.jar:2.12]
	at org.gradle.api.internal.tasks.testing.SuiteTestClassProcessor.processTestClass(SuiteTestClassProcessor.java:51) [gradle-testing-base-2.12.jar:2.12]
	at sun.reflect.NativeMethodAccessorImpl.invoke0(Native Method) ~[na:1.8.0_77]
	at sun.reflect.NativeMethodAccessorImpl.invoke(NativeMethodAccessorImpl.java:62) ~[na:1.8.0_77]
	at sun.reflect.DelegatingMethodAccessorImpl.invoke(DelegatingMethodAccessorImpl.java:43) ~[na:1.8.0_77]
	at java.lang.reflect.Method.invoke(Method.java:498) ~[na:1.8.0_77]
	at org.gradle.messaging.dispatch.ReflectionDispatch.dispatch(ReflectionDispatch.java:35) [gradle-messaging-2.12.jar:2.12]
	at org.gradle.messaging.dispatch.ReflectionDispatch.dispatch(ReflectionDispatch.java:24) [gradle-messaging-2.12.jar:2.12]
	at org.gradle.messaging.dispatch.ContextClassLoaderDispatch.dispatch(ContextClassLoaderDispatch.java:32) [gradle-messaging-2.12.jar:2.12]
	at org.gradle.messaging.dispatch.ProxyDispatchAdapter$DispatchingInvocationHandler.invoke(ProxyDispatchAdapter.java:93) [gradle-messaging-2.12.jar:2.12]
	at com.sun.proxy.$Proxy2.processTestClass(Unknown Source) [na:na]
	at org.gradle.api.internal.tasks.testing.worker.TestWorker.processTestClass(TestWorker.java:109) [gradle-testing-base-2.12.jar:2.12]
	at sun.reflect.NativeMethodAccessorImpl.invoke0(Native Method) ~[na:1.8.0_77]
	at sun.reflect.NativeMethodAccessorImpl.invoke(NativeMethodAccessorImpl.java:62) ~[na:1.8.0_77]
	at sun.reflect.DelegatingMethodAccessorImpl.invoke(DelegatingMethodAccessorImpl.java:43) ~[na:1.8.0_77]
	at java.lang.reflect.Method.invoke(Method.java:498) ~[na:1.8.0_77]
	at org.gradle.messaging.dispatch.ReflectionDispatch.dispatch(ReflectionDispatch.java:35) [gradle-messaging-2.12.jar:2.12]
	at org.gradle.messaging.dispatch.ReflectionDispatch.dispatch(ReflectionDispatch.java:24) [gradle-messaging-2.12.jar:2.12]
	at org.gradle.messaging.remote.internal.hub.MessageHub$Handler.run(MessageHub.java:360) [gradle-messaging-2.12.jar:2.12]
	at org.gradle.internal.concurrent.ExecutorPolicy$CatchAndRecordFailures.onExecute(ExecutorPolicy.java:54) [gradle-base-services-2.12.jar:2.12]
	at org.gradle.internal.concurrent.StoppableExecutorImpl$1.run(StoppableExecutorImpl.java:40) [gradle-base-services-2.12.jar:2.12]
	at java.util.concurrent.ThreadPoolExecutor.runWorker(ThreadPoolExecutor.java:1142) [na:1.8.0_77]
	at java.util.concurrent.ThreadPoolExecutor$Worker.run(ThreadPoolExecutor.java:617) [na:1.8.0_77]
	at java.lang.Thread.run(Thread.java:745) [na:1.8.0_77]
Caused by: org.springframework.beans.factory.BeanCreationException: Error creating bean with name 'messageConverters' defined in class path resource [org/springframework/boot/autoconfigure/web/HttpMessageConvertersAutoConfiguration.class]: Bean instantiation via factory method failed; nested exception is org.springframework.beans.BeanInstantiationException: Failed to instantiate [org.springframework.boot.autoconfigure.web.HttpMessageConverters]: Factory method 'messageConverters' threw exception; nested exception is java.lang.NoClassDefFoundError: com/fasterxml/jackson/core/JsonProcessingException
	at org.springframework.beans.factory.support.ConstructorResolver.instantiateUsingFactoryMethod(ConstructorResolver.java:599) ~[spring-beans-4.2.5.RELEASE.jar:4.2.5.RELEASE]
	at org.springframework.beans.factory.support.AbstractAutowireCapableBeanFactory.instantiateUsingFactoryMethod(AbstractAutowireCapableBeanFactory.java:1123) ~[spring-beans-4.2.5.RELEASE.jar:4.2.5.RELEASE]
	at org.springframework.beans.factory.support.AbstractAutowireCapableBeanFactory.createBeanInstance(AbstractAutowireCapableBeanFactory.java:1018) ~[spring-beans-4.2.5.RELEASE.jar:4.2.5.RELEASE]
	at org.springframework.beans.factory.support.AbstractAutowireCapableBeanFactory.doCreateBean(AbstractAutowireCapableBeanFactory.java:510) ~[spring-beans-4.2.5.RELEASE.jar:4.2.5.RELEASE]
	at org.springframework.beans.factory.support.AbstractAutowireCapableBeanFactory.createBean(AbstractAutowireCapableBeanFactory.java:482) ~[spring-beans-4.2.5.RELEASE.jar:4.2.5.RELEASE]
	at org.springframework.beans.factory.support.AbstractBeanFactory$1.getObject(AbstractBeanFactory.java:306) ~[spring-beans-4.2.5.RELEASE.jar:4.2.5.RELEASE]
	at org.springframework.beans.factory.support.DefaultSingletonBeanRegistry.getSingleton(DefaultSingletonBeanRegistry.java:230) ~[spring-beans-4.2.5.RELEASE.jar:4.2.5.RELEASE]
	at org.springframework.beans.factory.support.AbstractBeanFactory.doGetBean(AbstractBeanFactory.java:302) ~[spring-beans-4.2.5.RELEASE.jar:4.2.5.RELEASE]
	at org.springframework.beans.factory.support.AbstractBeanFactory.getBean(AbstractBeanFactory.java:197) ~[spring-beans-4.2.5.RELEASE.jar:4.2.5.RELEASE]
	at org.springframework.beans.factory.support.DefaultListableBeanFactory.preInstantiateSingletons(DefaultListableBeanFactory.java:772) ~[spring-beans-4.2.5.RELEASE.jar:4.2.5.RELEASE]
	at org.springframework.context.support.AbstractApplicationContext.finishBeanFactoryInitialization(AbstractApplicationContext.java:839) ~[spring-context-4.2.5.RELEASE.jar:4.2.5.RELEASE]
	at org.springframework.context.support.AbstractApplicationContext.refresh(AbstractApplicationContext.java:538) ~[spring-context-4.2.5.RELEASE.jar:4.2.5.RELEASE]
	at org.springframework.boot.SpringApplication.refresh(SpringApplication.java:766) ~[spring-boot-1.3.3.RELEASE.jar:1.3.3.RELEASE]
	at org.springframework.boot.SpringApplication.createAndRefreshContext(SpringApplication.java:361) ~[spring-boot-1.3.3.RELEASE.jar:1.3.3.RELEASE]
	at org.springframework.boot.SpringApplication.run(SpringApplication.java:307) ~[spring-boot-1.3.3.RELEASE.jar:1.3.3.RELEASE]
	at org.springframework.boot.test.SpringApplicationContextLoader.loadContext(SpringApplicationContextLoader.java:98) ~[spring-boot-1.3.3.RELEASE.jar:1.3.3.RELEASE]
	at org.springframework.test.context.cache.DefaultCacheAwareContextLoaderDelegate.loadContextInternal(DefaultCacheAwareContextLoaderDelegate.java:98) ~[spring-test-4.2.5.RELEASE.jar:4.2.5.RELEASE]
	at org.springframework.test.context.cache.DefaultCacheAwareContextLoaderDelegate.loadContext(DefaultCacheAwareContextLoaderDelegate.java:116) ~[spring-test-4.2.5.RELEASE.jar:4.2.5.RELEASE]
	... 45 common frames omitted
Caused by: org.springframework.beans.BeanInstantiationException: Failed to instantiate [org.springframework.boot.autoconfigure.web.HttpMessageConverters]: Factory method 'messageConverters' threw exception; nested exception is java.lang.NoClassDefFoundError: com/fasterxml/jackson/core/JsonProcessingException
	at org.springframework.beans.factory.support.SimpleInstantiationStrategy.instantiate(SimpleInstantiationStrategy.java:189) ~[spring-beans-4.2.5.RELEASE.jar:4.2.5.RELEASE]
	at org.springframework.beans.factory.support.ConstructorResolver.instantiateUsingFactoryMethod(ConstructorResolver.java:588) ~[spring-beans-4.2.5.RELEASE.jar:4.2.5.RELEASE]
	... 62 common frames omitted
Caused by: java.lang.NoClassDefFoundError: com/fasterxml/jackson/core/JsonProcessingException
	at java.lang.Class.forName0(Native Method) ~[na:1.8.0_77]
	at java.lang.Class.forName(Class.java:264) ~[na:1.8.0_77]
	at org.springframework.boot.autoconfigure.web.HttpMessageConverters.addClassIfExists(HttpMessageConverters.java:240) ~[spring-boot-autoconfigure-1.3.3.RELEASE.jar:1.3.3.RELEASE]
	at org.springframework.boot.autoconfigure.web.HttpMessageConverters.<clinit>(HttpMessageConverters.java:63) ~[spring-boot-autoconfigure-1.3.3.RELEASE.jar:1.3.3.RELEASE]
	at org.springframework.boot.autoconfigure.web.HttpMessageConvertersAutoConfiguration.messageConverters(HttpMessageConvertersAutoConfiguration.java:63) ~[spring-boot-autoconfigure-1.3.3.RELEASE.jar:1.3.3.RELEASE]
	at org.springframework.boot.autoconfigure.web.HttpMessageConvertersAutoConfiguration$$EnhancerBySpringCGLIB$$bd4bb275.CGLIB$messageConverters$0(<generated>) ~[spring-boot-autoconfigure-1.3.3.RELEASE.jar:1.3.3.RELEASE]
	at org.springframework.boot.autoconfigure.web.HttpMessageConvertersAutoConfiguration$$EnhancerBySpringCGLIB$$bd4bb275$$FastClassBySpringCGLIB$$df42265c.invoke(<generated>) ~[spring-boot-autoconfigure-1.3.3.RELEASE.jar:1.3.3.RELEASE]
	at org.springframework.cglib.proxy.MethodProxy.invokeSuper(MethodProxy.java:228) ~[spring-core-4.2.5.RELEASE.jar:4.2.5.RELEASE]
	at org.springframework.context.annotation.ConfigurationClassEnhancer$BeanMethodInterceptor.intercept(ConfigurationClassEnhancer.java:355) ~[spring-context-4.2.5.RELEASE.jar:4.2.5.RELEASE]
	at org.springframework.boot.autoconfigure.web.HttpMessageConvertersAutoConfiguration$$EnhancerBySpringCGLIB$$bd4bb275.messageConverters(<generated>) ~[spring-boot-autoconfigure-1.3.3.RELEASE.jar:1.3.3.RELEASE]
	at sun.reflect.NativeMethodAccessorImpl.invoke0(Native Method) ~[na:1.8.0_77]
	at sun.reflect.NativeMethodAccessorImpl.invoke(NativeMethodAccessorImpl.java:62) ~[na:1.8.0_77]
	at sun.reflect.DelegatingMethodAccessorImpl.invoke(DelegatingMethodAccessorImpl.java:43) ~[na:1.8.0_77]
	at java.lang.reflect.Method.invoke(Method.java:498) ~[na:1.8.0_77]
	at org.springframework.beans.factory.support.SimpleInstantiationStrategy.instantiate(SimpleInstantiationStrategy.java:162) ~[spring-beans-4.2.5.RELEASE.jar:4.2.5.RELEASE]
	... 63 common frames omitted
Caused by: java.lang.ClassNotFoundException: com.fasterxml.jackson.core.JsonProcessingException
	at java.net.URLClassLoader.findClass(URLClassLoader.java:381) ~[na:1.8.0_77]
	at java.lang.ClassLoader.loadClass(ClassLoader.java:424) ~[na:1.8.0_77]
	at sun.misc.Launcher$AppClassLoader.loadClass(Launcher.java:331) ~[na:1.8.0_77]
	at java.lang.ClassLoader.loadClass(ClassLoader.java:357) ~[na:1.8.0_77]
	... 78 common frames omitted

]]></system-out>
  <system-err><![CDATA[]]></system-err>
</testsuite>
